0 info it worked if it ends with ok
1 verbose cli [ 'node', '/usr/local/bin/npm', 'install', 'grunt-karma' ]
2 info using npm@1.4.28
3 info using node@v0.10.33
4 warn package.json employee@0.0.0 No description
5 warn package.json employee@0.0.0 No repository field.
6 warn package.json employee@0.0.0 No README data
7 verbose readDependencies using package.json deps
8 verbose cache add [ 'grunt-karma', null ]
9 verbose cache add name=undefined spec="grunt-karma" args=["grunt-karma",null]
10 verbose parsed url { protocol: null,
10 verbose parsed url   slashes: null,
10 verbose parsed url   auth: null,
10 verbose parsed url   host: null,
10 verbose parsed url   port: null,
10 verbose parsed url   hostname: null,
10 verbose parsed url   hash: null,
10 verbose parsed url   search: null,
10 verbose parsed url   query: null,
10 verbose parsed url   pathname: 'grunt-karma',
10 verbose parsed url   path: 'grunt-karma',
10 verbose parsed url   href: 'grunt-karma' }
11 silly lockFile 707ccff9-grunt-karma grunt-karma
12 verbose lock grunt-karma /Users/Charlie/.npm/707ccff9-grunt-karma.lock
13 silly lockFile 707ccff9-grunt-karma grunt-karma
14 silly lockFile 707ccff9-grunt-karma grunt-karma
15 verbose addNamed [ 'grunt-karma', '' ]
16 verbose addNamed [ null, '*' ]
17 silly lockFile 94531edb-grunt-karma grunt-karma@
18 verbose lock grunt-karma@ /Users/Charlie/.npm/94531edb-grunt-karma.lock
19 silly addNameRange { name: 'grunt-karma', range: '*', hasData: false }
20 verbose request where is /grunt-karma
21 verbose request registry https://registry.npmjs.org/
22 verbose request id ce542a8407c783b9
23 verbose url raw /grunt-karma
24 verbose url resolving [ 'https://registry.npmjs.org/', './grunt-karma' ]
25 verbose url resolved https://registry.npmjs.org/grunt-karma
26 verbose request where is https://registry.npmjs.org/grunt-karma
27 info trying registry request attempt 1 at 06:23:47
28 http GET https://registry.npmjs.org/grunt-karma
29 http 200 https://registry.npmjs.org/grunt-karma
30 silly registry.get cb [ 200,
30 silly registry.get   { date: 'Wed, 28 Jan 2015 23:23:47 GMT',
30 silly registry.get     server: 'CouchDB/1.5.0 (Erlang OTP/R16B03)',
30 silly registry.get     etag: '"BKHS6IC745RSIIJCZKWBCKYXX"',
30 silly registry.get     'content-type': 'application/json',
30 silly registry.get     'cache-control': 'max-age=60',
30 silly registry.get     'content-length': '44596',
30 silly registry.get     'accept-ranges': 'bytes',
30 silly registry.get     via: '1.1 varnish',
30 silly registry.get     age: '0',
30 silly registry.get     'x-served-by': 'cache-sn88-SIN',
30 silly registry.get     'x-cache': 'MISS',
30 silly registry.get     'x-cache-hits': '0',
30 silly registry.get     'x-timer': 'S1422487427.463991,VS0,VE199',
30 silly registry.get     vary: 'Accept',
30 silly registry.get     'keep-alive': 'timeout=10, max=50',
30 silly registry.get     connection: 'Keep-Alive' } ]
31 silly addNameRange number 2 { name: 'grunt-karma', range: '*', hasData: true }
32 silly addNameRange versions [ 'grunt-karma',
32 silly addNameRange   [ '0.3.0',
32 silly addNameRange     '0.4.0',
32 silly addNameRange     '0.4.1',
32 silly addNameRange     '0.4.2',
32 silly addNameRange     '0.4.3',
32 silly addNameRange     '0.4.4',
32 silly addNameRange     '0.5.0',
32 silly addNameRange     '0.4.5',
32 silly addNameRange     '0.5.1',
32 silly addNameRange     '0.5.2',
32 silly addNameRange     '0.4.6',
32 silly addNameRange     '0.5.3',
32 silly addNameRange     '0.5.4',
32 silly addNameRange     '0.6.0',
32 silly addNameRange     '0.6.1',
32 silly addNameRange     '0.7.0',
32 silly addNameRange     '0.6.2',
32 silly addNameRange     '0.7.1',
32 silly addNameRange     '0.7.2',
32 silly addNameRange     '0.7.3',
32 silly addNameRange     '0.8.0',
32 silly addNameRange     '0.8.1',
32 silly addNameRange     '0.8.2',
32 silly addNameRange     '0.8.3',
32 silly addNameRange     '0.9.0',
32 silly addNameRange     '0.10.0',
32 silly addNameRange     '0.10.1' ] ]
33 verbose addNamed [ 'grunt-karma', '0.10.1' ]
34 verbose addNamed [ '0.10.1', '0.10.1' ]
35 silly lockFile ea61fc97-grunt-karma-0-10-1 grunt-karma@0.10.1
36 verbose lock grunt-karma@0.10.1 /Users/Charlie/.npm/ea61fc97-grunt-karma-0-10-1.lock
37 silly lockFile 0aeb8b14-unt-karma-grunt-karma-0-10-1-tgz https://registry.npmjs.org/grunt-karma/-/grunt-karma-0.10.1.tgz
38 verbose lock https://registry.npmjs.org/grunt-karma/-/grunt-karma-0.10.1.tgz /Users/Charlie/.npm/0aeb8b14-unt-karma-grunt-karma-0-10-1-tgz.lock
39 verbose addRemoteTarball [ 'https://registry.npmjs.org/grunt-karma/-/grunt-karma-0.10.1.tgz',
39 verbose addRemoteTarball   '255fae402bb04409cf95c6ac77e8c1968934924b' ]
40 info retry fetch attempt 1 at 06:23:47
41 verbose fetch to= /tmp/npm-11650-9ZPl18j-/registry.npmjs.org/grunt-karma/-/grunt-karma-0.10.1.tgz
42 http GET https://registry.npmjs.org/grunt-karma/-/grunt-karma-0.10.1.tgz
43 http 200 https://registry.npmjs.org/grunt-karma/-/grunt-karma-0.10.1.tgz
44 silly lockFile 0aeb8b14-unt-karma-grunt-karma-0-10-1-tgz https://registry.npmjs.org/grunt-karma/-/grunt-karma-0.10.1.tgz
45 silly lockFile 0aeb8b14-unt-karma-grunt-karma-0-10-1-tgz https://registry.npmjs.org/grunt-karma/-/grunt-karma-0.10.1.tgz
46 silly lockFile ea61fc97-grunt-karma-0-10-1 grunt-karma@0.10.1
47 silly lockFile ea61fc97-grunt-karma-0-10-1 grunt-karma@0.10.1
48 silly lockFile 94531edb-grunt-karma grunt-karma@
49 silly lockFile 94531edb-grunt-karma grunt-karma@
50 silly resolved [ { name: 'grunt-karma',
50 silly resolved     version: '0.10.1',
50 silly resolved     description: 'grunt plugin for karma test runner',
50 silly resolved     main: 'tasks/grunt-karma.js',
50 silly resolved     repository:
50 silly resolved      { type: 'git',
50 silly resolved        url: 'https://github.com/karma-runner/grunt-karma.git' },
50 silly resolved     keywords: [ 'gruntplugin', 'karma', 'grunt', 'test', 'unit', 'runner', 'TDD' ],
50 silly resolved     scripts: { test: 'grunt test' },
50 silly resolved     author: { name: 'Dave Geddes' },
50 silly resolved     license: 'MIT',
50 silly resolved     dependencies: { lodash: '~2.4.1' },
50 silly resolved     devDependencies:
50 silly resolved      { 'coffee-script': '~1.8.0',
50 silly resolved        'expect.js': '^0.3.1',
50 silly resolved        grunt: '~0.4.3',
50 silly resolved        'grunt-auto-release': '0.0.6',
50 silly resolved        'grunt-bump': '0.0.16',
50 silly resolved        'grunt-contrib-jshint': '~0.10.0',
50 silly resolved        'grunt-contrib-watch': '~0.2.0',
50 silly resolved        'grunt-conventional-changelog': '~0.0.12',
50 silly resolved        'grunt-jscs-checker': '~0.6.1',
50 silly resolved        'grunt-npm': '0.0.2',
50 silly resolved        karma: '~0.12.0',
50 silly resolved        'karma-chrome-launcher': '~0.1.2',
50 silly resolved        'karma-firefox-launcher': '~0.1.3',
50 silly resolved        'karma-mocha': '~0.1.3' },
50 silly resolved     peerDependencies: { grunt: '0.4.x', karma: '~0.12.0' },
50 silly resolved     contributors:
50 silly resolved      [ [Object],
50 silly resolved        [Object],
50 silly resolved        [Object],
50 silly resolved        [Object],
50 silly resolved        [Object],
50 silly resolved        [Object],
50 silly resolved        [Object],
50 silly resolved        [Object],
50 silly resolved        [Object],
50 silly resolved        [Object],
50 silly resolved        [Object],
50 silly resolved        [Object],
50 silly resolved        [Object],
50 silly resolved        [Object],
50 silly resolved        [Object],
50 silly resolved        [Object],
50 silly resolved        [Object],
50 silly resolved        [Object],
50 silly resolved        [Object],
50 silly resolved        [Object],
50 silly resolved        [Object],
50 silly resolved        [Object],
50 silly resolved        [Object],
50 silly resolved        [Object] ],
50 silly resolved     gitHead: '5d2cfb3a565a7a892b8da696c20f6ea973b626cf',
50 silly resolved     bugs: { url: 'https://github.com/karma-runner/grunt-karma/issues' },
50 silly resolved     homepage: 'https://github.com/karma-runner/grunt-karma',
50 silly resolved     _id: 'grunt-karma@0.10.1',
50 silly resolved     _shasum: '255fae402bb04409cf95c6ac77e8c1968934924b',
50 silly resolved     _from: 'grunt-karma@',
50 silly resolved     _npmVersion: '2.1.9',
50 silly resolved     _nodeVersion: '0.10.33',
50 silly resolved     _npmUser: { name: 'dignifiedquire', email: 'dignifiedquire@gmail.com' },
50 silly resolved     maintainers: [ [Object], [Object], [Object], [Object] ],
50 silly resolved     dist:
50 silly resolved      { shasum: '255fae402bb04409cf95c6ac77e8c1968934924b',
50 silly resolved        tarball: 'http://registry.npmjs.org/grunt-karma/-/grunt-karma-0.10.1.tgz' },
50 silly resolved     directories: {},
50 silly resolved     _resolved: 'https://registry.npmjs.org/grunt-karma/-/grunt-karma-0.10.1.tgz' } ]
51 info install grunt-karma@0.10.1 into /Users/Charlie/Sites/employee/frontend
52 info installOne grunt-karma@0.10.1
53 verbose node_modules/grunt-karma unbuild
54 info preuninstall grunt-karma@0.7.3
55 info uninstall grunt-karma@0.7.3
56 verbose true,/Users/Charlie/Sites/employee/frontend/node_modules,/Users/Charlie/Sites/employee/frontend/node_modules unbuild grunt-karma@0.7.3
57 info postuninstall grunt-karma@0.7.3
58 verbose tar unpack /Users/Charlie/.npm/grunt-karma/0.10.1/package.tgz
59 silly lockFile 879417b8-rontend-node-modules-grunt-karma tar:///Users/Charlie/Sites/employee/frontend/node_modules/grunt-karma
60 verbose lock tar:///Users/Charlie/Sites/employee/frontend/node_modules/grunt-karma /Users/Charlie/.npm/879417b8-rontend-node-modules-grunt-karma.lock
61 silly lockFile 612e55a4-m-grunt-karma-0-10-1-package-tgz tar:///Users/Charlie/.npm/grunt-karma/0.10.1/package.tgz
62 verbose lock tar:///Users/Charlie/.npm/grunt-karma/0.10.1/package.tgz /Users/Charlie/.npm/612e55a4-m-grunt-karma-0-10-1-package-tgz.lock
63 silly gunzTarPerm modes [ '755', '644' ]
64 silly gunzTarPerm extractEntry package.json
65 silly gunzTarPerm extractEntry .npmignore
66 silly gunzTarPerm extractEntry README.md
67 silly gunzTarPerm extractEntry LICENSE
68 silly gunzTarPerm extractEntry karma.conf.js
69 silly gunzTarPerm extractEntry CHANGELOG.md
70 silly gunzTarPerm extractEntry Gruntfile.coffee
71 silly gunzTarPerm extractEntry .jscs.json
72 silly gunzTarPerm extractEntry TODO.md
73 silly gunzTarPerm extractEntry .mailmap
74 silly gunzTarPerm extractEntry lib/background.js
75 silly gunzTarPerm extractEntry tasks/grunt-karma.js
76 silly gunzTarPerm extractEntry .travis.yml
77 silly gunzTarPerm extractEntry test/grunt-karma-test.js
78 silly lockFile 879417b8-rontend-node-modules-grunt-karma tar:///Users/Charlie/Sites/employee/frontend/node_modules/grunt-karma
79 silly lockFile 879417b8-rontend-node-modules-grunt-karma tar:///Users/Charlie/Sites/employee/frontend/node_modules/grunt-karma
80 silly lockFile 612e55a4-m-grunt-karma-0-10-1-package-tgz tar:///Users/Charlie/.npm/grunt-karma/0.10.1/package.tgz
81 silly lockFile 612e55a4-m-grunt-karma-0-10-1-package-tgz tar:///Users/Charlie/.npm/grunt-karma/0.10.1/package.tgz
82 info preinstall grunt-karma@0.10.1
83 verbose readDependencies using package.json deps
84 verbose readDependencies using package.json deps
85 verbose cache add [ 'lodash@~2.4.1', null ]
86 verbose cache add name=undefined spec="lodash@~2.4.1" args=["lodash@~2.4.1",null]
87 verbose parsed url { protocol: null,
87 verbose parsed url   slashes: null,
87 verbose parsed url   auth: null,
87 verbose parsed url   host: null,
87 verbose parsed url   port: null,
87 verbose parsed url   hostname: null,
87 verbose parsed url   hash: null,
87 verbose parsed url   search: null,
87 verbose parsed url   query: null,
87 verbose parsed url   pathname: 'lodash@~2.4.1',
87 verbose parsed url   path: 'lodash@~2.4.1',
87 verbose parsed url   href: 'lodash@~2.4.1' }
88 verbose cache add name="lodash" spec="~2.4.1" args=["lodash","~2.4.1"]
89 verbose parsed url { protocol: null,
89 verbose parsed url   slashes: null,
89 verbose parsed url   auth: null,
89 verbose parsed url   host: null,
89 verbose parsed url   port: null,
89 verbose parsed url   hostname: null,
89 verbose parsed url   hash: null,
89 verbose parsed url   search: null,
89 verbose parsed url   query: null,
89 verbose parsed url   pathname: '~2.4.1',
89 verbose parsed url   path: '~2.4.1',
89 verbose parsed url   href: '~2.4.1' }
90 verbose addNamed [ 'lodash', '~2.4.1' ]
91 verbose addNamed [ null, '>=2.4.1-0 <2.5.0-0' ]
92 silly lockFile 257f9ab3-lodash-2-4-1 lodash@~2.4.1
93 verbose lock lodash@~2.4.1 /Users/Charlie/.npm/257f9ab3-lodash-2-4-1.lock
94 silly addNameRange { name: 'lodash', range: '>=2.4.1-0 <2.5.0-0', hasData: false }
95 verbose request where is /lodash
96 verbose request registry https://registry.npmjs.org/
97 verbose url raw /lodash
98 verbose url resolving [ 'https://registry.npmjs.org/', './lodash' ]
99 verbose url resolved https://registry.npmjs.org/lodash
100 verbose request where is https://registry.npmjs.org/lodash
101 info trying registry request attempt 1 at 06:23:48
102 verbose etag "5PDAAS8YA547UYWCXQTOWA8LC"
103 http GET https://registry.npmjs.org/lodash
104 http 304 https://registry.npmjs.org/lodash
105 silly registry.get cb [ 304,
105 silly registry.get   { date: 'Wed, 28 Jan 2015 23:23:48 GMT',
105 silly registry.get     server: 'Apache',
105 silly registry.get     via: '1.1 varnish',
105 silly registry.get     'last-modified': 'Wed, 28 Jan 2015 23:17:05 GMT',
105 silly registry.get     'cache-control': 'max-age=60',
105 silly registry.get     etag: '"5PDAAS8YA547UYWCXQTOWA8LC"',
105 silly registry.get     age: '24',
105 silly registry.get     'x-served-by': 'cache-sn86-SIN',
105 silly registry.get     'x-cache': 'HIT',
105 silly registry.get     'x-cache-hits': '10',
105 silly registry.get     'x-timer': 'S1422487428.649870,VS0,VE0',
105 silly registry.get     vary: 'Accept',
105 silly registry.get     'content-length': '0',
105 silly registry.get     'keep-alive': 'timeout=10, max=50',
105 silly registry.get     connection: 'Keep-Alive' } ]
106 verbose etag https://registry.npmjs.org/lodash from cache
107 silly addNameRange number 2 { name: 'lodash', range: '>=2.4.1-0 <2.5.0-0', hasData: true }
108 silly addNameRange versions [ 'lodash',
108 silly addNameRange   [ '0.1.0',
108 silly addNameRange     '0.2.0',
108 silly addNameRange     '0.2.1',
108 silly addNameRange     '0.2.2',
108 silly addNameRange     '0.3.0',
108 silly addNameRange     '0.3.1',
108 silly addNameRange     '0.3.2',
108 silly addNameRange     '0.4.0',
108 silly addNameRange     '0.4.1',
108 silly addNameRange     '0.4.2',
108 silly addNameRange     '0.5.0-rc.1',
108 silly addNameRange     '0.5.0',
108 silly addNameRange     '0.5.1',
108 silly addNameRange     '0.5.2',
108 silly addNameRange     '0.6.0',
108 silly addNameRange     '0.6.1',
108 silly addNameRange     '0.7.0',
108 silly addNameRange     '0.8.0',
108 silly addNameRange     '0.8.1',
108 silly addNameRange     '0.8.2',
108 silly addNameRange     '0.9.0',
108 silly addNameRange     '0.9.1',
108 silly addNameRange     '0.9.2',
108 silly addNameRange     '0.10.0',
108 silly addNameRange     '1.0.0-rc.1',
108 silly addNameRange     '1.0.0-rc.2',
108 silly addNameRange     '1.0.0-rc.3',
108 silly addNameRange     '1.0.0',
108 silly addNameRange     '1.0.1',
108 silly addNameRange     '1.1.0',
108 silly addNameRange     '1.1.1',
108 silly addNameRange     '1.2.0',
108 silly addNameRange     '1.2.1',
108 silly addNameRange     '1.3.0',
108 silly addNameRange     '1.3.1',
108 silly addNameRange     '2.0.0',
108 silly addNameRange     '2.1.0',
108 silly addNameRange     '2.2.0',
108 silly addNameRange     '2.2.1',
108 silly addNameRange     '2.3.0',
108 silly addNameRange     '2.4.0',
108 silly addNameRange     '2.4.1',
108 silly addNameRange     '3.0.0' ] ]
109 verbose addNamed [ 'lodash', '2.4.1' ]
110 verbose addNamed [ '2.4.1', '2.4.1' ]
111 silly lockFile 8502be2a-lodash-2-4-1 lodash@2.4.1
112 verbose lock lodash@2.4.1 /Users/Charlie/.npm/8502be2a-lodash-2-4-1.lock
113 silly lockFile 8502be2a-lodash-2-4-1 lodash@2.4.1
114 silly lockFile 8502be2a-lodash-2-4-1 lodash@2.4.1
115 silly lockFile 257f9ab3-lodash-2-4-1 lodash@~2.4.1
116 silly lockFile 257f9ab3-lodash-2-4-1 lodash@~2.4.1
117 silly resolved [ { name: 'lodash',
117 silly resolved     version: '2.4.1',
117 silly resolved     description: 'A utility library delivering consistency, customization, performance, & extras.',
117 silly resolved     homepage: 'http://lodash.com/',
117 silly resolved     license: 'MIT',
117 silly resolved     main: 'dist/lodash.js',
117 silly resolved     keywords:
117 silly resolved      [ 'amd',
117 silly resolved        'browser',
117 silly resolved        'client',
117 silly resolved        'customize',
117 silly resolved        'functional',
117 silly resolved        'server',
117 silly resolved        'util' ],
117 silly resolved     author:
117 silly resolved      { name: 'John-David Dalton',
117 silly resolved        email: 'john.david.dalton@gmail.com',
117 silly resolved        url: 'http://allyoucanleet.com/' },
117 silly resolved     contributors: [ [Object], [Object], [Object], [Object] ],
117 silly resolved     bugs: { url: 'https://github.com/lodash/lodash/issues' },
117 silly resolved     repository: { type: 'git', url: 'https://github.com/lodash/lodash.git' },
117 silly resolved     engines: [ 'node', 'rhino' ],
117 silly resolved     files:
117 silly resolved      [ 'LICENSE.txt',
117 silly resolved        'lodash.js',
117 silly resolved        'dist/lodash.js',
117 silly resolved        'dist/lodash.min.js',
117 silly resolved        'dist/lodash.compat.js',
117 silly resolved        'dist/lodash.compat.min.js',
117 silly resolved        'dist/lodash.underscore.js',
117 silly resolved        'dist/lodash.underscore.min.js' ],
117 silly resolved     jam: { main: 'dist/lodash.compat.js', include: [Object] },
117 silly resolved     volo: { type: 'directory', ignore: [Object] },
117 silly resolved     _id: 'lodash@2.4.1',
117 silly resolved     dist:
117 silly resolved      { shasum: '5b7723034dda4d262e5a46fb2c58d7cc22f71420',
117 silly resolved        tarball: 'http://registry.npmjs.org/lodash/-/lodash-2.4.1.tgz' },
117 silly resolved     _from: 'lodash@~2.4.1',
117 silly resolved     _npmVersion: '1.3.14',
117 silly resolved     _npmUser: { name: 'jdalton', email: 'john.david.dalton@gmail.com' },
117 silly resolved     maintainers: [ [Object], [Object], [Object], [Object] ],
117 silly resolved     directories: {},
117 silly resolved     _shasum: '5b7723034dda4d262e5a46fb2c58d7cc22f71420',
117 silly resolved     _resolved: 'https://registry.npmjs.org/lodash/-/lodash-2.4.1.tgz',
117 silly resolved     readme: 'ERROR: No README data found!',
117 silly resolved     scripts: {} } ]
118 info install lodash@2.4.1 into /Users/Charlie/Sites/employee/frontend/node_modules/grunt-karma
119 info installOne lodash@2.4.1
120 verbose node_modules/grunt-karma/node_modules/lodash unbuild
121 verbose tar unpack /Users/Charlie/.npm/lodash/2.4.1/package.tgz
122 silly lockFile 39529504--grunt-karma-node-modules-lodash tar:///Users/Charlie/Sites/employee/frontend/node_modules/grunt-karma/node_modules/lodash
123 verbose lock tar:///Users/Charlie/Sites/employee/frontend/node_modules/grunt-karma/node_modules/lodash /Users/Charlie/.npm/39529504--grunt-karma-node-modules-lodash.lock
124 silly lockFile c31a752a-lie-npm-lodash-2-4-1-package-tgz tar:///Users/Charlie/.npm/lodash/2.4.1/package.tgz
125 verbose lock tar:///Users/Charlie/.npm/lodash/2.4.1/package.tgz /Users/Charlie/.npm/c31a752a-lie-npm-lodash-2-4-1-package-tgz.lock
126 silly gunzTarPerm modes [ '755', '644' ]
127 silly gunzTarPerm extractEntry package.json
128 silly gunzTarPerm extractEntry README.md
129 silly gunzTarPerm extractEntry lodash.js
130 silly gunzTarPerm extractEntry LICENSE.txt
131 silly gunzTarPerm extractEntry dist/lodash.compat.js
132 silly gunzTarPerm extractEntry dist/lodash.compat.min.js
133 silly gunzTarPerm extractEntry dist/lodash.js
134 silly gunzTarPerm extractEntry dist/lodash.min.js
135 silly gunzTarPerm extractEntry dist/lodash.underscore.js
136 silly gunzTarPerm extractEntry dist/lodash.underscore.min.js
137 silly lockFile 39529504--grunt-karma-node-modules-lodash tar:///Users/Charlie/Sites/employee/frontend/node_modules/grunt-karma/node_modules/lodash
138 silly lockFile 39529504--grunt-karma-node-modules-lodash tar:///Users/Charlie/Sites/employee/frontend/node_modules/grunt-karma/node_modules/lodash
139 silly lockFile c31a752a-lie-npm-lodash-2-4-1-package-tgz tar:///Users/Charlie/.npm/lodash/2.4.1/package.tgz
140 silly lockFile c31a752a-lie-npm-lodash-2-4-1-package-tgz tar:///Users/Charlie/.npm/lodash/2.4.1/package.tgz
141 info preinstall lodash@2.4.1
142 verbose readDependencies using package.json deps
143 verbose readDependencies using package.json deps
144 silly resolved []
145 verbose about to build /Users/Charlie/Sites/employee/frontend/node_modules/grunt-karma/node_modules/lodash
146 info build /Users/Charlie/Sites/employee/frontend/node_modules/grunt-karma/node_modules/lodash
147 verbose linkStuff [ false,
147 verbose linkStuff   false,
147 verbose linkStuff   false,
147 verbose linkStuff   '/Users/Charlie/Sites/employee/frontend/node_modules/grunt-karma/node_modules' ]
148 info linkStuff lodash@2.4.1
149 verbose linkBins lodash@2.4.1
150 verbose linkMans lodash@2.4.1
151 verbose rebuildBundles lodash@2.4.1
152 info install lodash@2.4.1
153 info postinstall lodash@2.4.1
154 verbose about to build /Users/Charlie/Sites/employee/frontend/node_modules/grunt-karma
155 info build /Users/Charlie/Sites/employee/frontend/node_modules/grunt-karma
156 verbose linkStuff [ false,
156 verbose linkStuff   false,
156 verbose linkStuff   false,
156 verbose linkStuff   '/Users/Charlie/Sites/employee/frontend/node_modules' ]
157 info linkStuff grunt-karma@0.10.1
158 verbose linkBins grunt-karma@0.10.1
159 verbose linkMans grunt-karma@0.10.1
160 verbose rebuildBundles grunt-karma@0.10.1
161 verbose rebuildBundles [ 'lodash' ]
162 info install grunt-karma@0.10.1
163 info postinstall grunt-karma@0.10.1
164 verbose readDependencies using package.json deps
165 verbose already installed skipping karma@~0.12.0 /Users/Charlie/Sites/employee/frontend
166 silly resolved []
167 error peerinvalid The package karma does not satisfy its siblings' peerDependencies requirements!
167 error peerinvalid Peer karma-chrome-launcher@0.1.3 wants karma@>=0.9.3
167 error peerinvalid Peer karma-firefox-launcher@0.1.3 wants karma@>=0.9
167 error peerinvalid Peer karma-html2js-preprocessor@0.1.0 wants karma@>=0.9
167 error peerinvalid Peer karma-jasmine@0.1.5 wants karma@>=0.9
167 error peerinvalid Peer karma-ng-html2js-preprocessor@0.1.0 wants karma@>=0.9
167 error peerinvalid Peer karma-requirejs@0.2.1 wants karma@>=0.9
167 error peerinvalid Peer karma-script-launcher@0.1.0 wants karma@>=0.9
167 error peerinvalid Peer grunt-karma@0.10.1 wants karma@~0.12.0
167 error peerinvalid Peer karma-coffee-preprocessor@0.1.3 wants karma@>=0.9
167 error peerinvalid Peer karma-phantomjs-launcher@0.1.4 wants karma@>=0.9
168 error System Darwin 14.0.0
169 error command "node" "/usr/local/bin/npm" "install" "grunt-karma"
170 error cwd /Users/Charlie/Sites/employee/frontend
171 error node -v v0.10.33
172 error npm -v 1.4.28
173 error code EPEERINVALID
174 verbose exit [ 1, true ]
